<?xml version="1.0" encoding="UTF-8"?>
<!-- Generated by org.testng.reporters.JUnitReportReporter -->
<testsuite skipped="0" hostname="DESKTOP-27L8JE7" name="com.project.MavenMarchSelenium9_30AMBatch.LinksTesting1" tests="1" failures="0" timestamp="11 Mar 2021 04:56:07 GMT" time="19.991" errors="0">
  <testcase name="linktesting1" time="19.991" classname="com.project.MavenMarchSelenium9_30AMBatch.LinksTesting1"/>
</testsuite> <!-- com.project.MavenMarchSelenium9_30AMBatch.LinksTesting1 -->
