<?xml version="1.0" encoding="UTF-8"?>
<!-- Generated by org.testng.reporters.JUnitReportReporter -->
<testsuite skipped="0" hostname="DESKTOP-27L8JE7" name="excelDataDrivern.DataManagementByDataProvider" tests="3" failures="0" timestamp="02 Apr 2021 04:36:27 GMT" time="0.035" errors="0">
  <testcase name="f" time="0.025" classname="excelDataDrivern.DataManagementByDataProvider"/>
  <testcase name="f" time="0.004" classname="excelDataDrivern.DataManagementByDataProvider"/>
  <testcase name="f" time="0.006" classname="excelDataDrivern.DataManagementByDataProvider"/>
</testsuite> <!-- excelDataDrivern.DataManagementByDataProvider -->
