<?xml version="1.0" encoding="UTF-8"?>
<!-- Generated by org.testng.reporters.JUnitReportReporter -->
<testsuite skipped="0" hostname="DESKTOP-27L8JE7" name="excelDataDrivern.DM_001" tests="2" failures="0" timestamp="02 Apr 2021 05:12:59 GMT" time="0.029" errors="0">
  <testcase name="f" time="0.008" classname="excelDataDrivern.DM_001"/>
  <testcase name="f" time="0.021" classname="excelDataDrivern.DM_001"/>
</testsuite> <!-- excelDataDrivern.DM_001 -->
