<?xml version="1.0" encoding="UTF-8"?>
<!-- Generated by org.testng.reporters.JUnitReportReporter -->
<testsuite skipped="1" hostname="DESKTOP-27L8JE7" name="excelDataDrivern.FaceBookwithDataProvider" tests="2" failures="0" timestamp="02 Apr 2021 05:28:31 GMT" time="33.179" errors="0">
  <testcase name="f" time="33.174" classname="excelDataDrivern.FaceBookwithDataProvider"/>
  <testcase name="f" time="0.005" classname="excelDataDrivern.FaceBookwithDataProvider">
    <skipped/>
  </testcase> <!-- f -->
</testsuite> <!-- excelDataDrivern.FaceBookwithDataProvider -->
