<?xml version="1.0" encoding="UTF-8"?>
<!-- Generated by org.testng.reporters.JUnitReportReporter -->
<testsuite skipped="0" hostname="DESKTOP-27L8JE7" name="parallel.TestNGParallelMethods" tests="3" failures="0" timestamp="13 Mar 2021 01:53:55 GMT" time="0.123" errors="0">
  <testcase name="test1" time="0.041" classname="parallel.TestNGParallelMethods"/>
  <testcase name="test2" time="0.041" classname="parallel.TestNGParallelMethods"/>
  <testcase name="test3" time="0.041" classname="parallel.TestNGParallelMethods"/>
</testsuite> <!-- parallel.TestNGParallelMethods -->
