<?xml version="1.0" encoding="UTF-8"?>
<!-- Generated by org.testng.reporters.JUnitReportReporter -->
<testsuite skipped="0" hostname="DESKTOP-27L8JE7" name="pom.NewTest" tests="1" failures="0" timestamp="03 Apr 2021 02:03:31 GMT" time="21.746" errors="0">
  <testcase name="f" time="21.746" classname="pom.NewTest"/>
</testsuite> <!-- pom.NewTest -->
