<?xml version="1.0" encoding="UTF-8"?>
<!-- Generated by org.testng.reporters.JUnitReportReporter -->
<testsuite skipped="2" hostname="DESKTOP-27L8JE7" name="com.project.MavenMarchSelenium9_30AMBatch.TestDependencies" tests="4" failures="0" timestamp="13 Mar 2021 02:24:09 GMT" time="0.041" errors="0">
  <testcase name="orange" time="0.033" classname="com.project.MavenMarchSelenium9_30AMBatch.TestDependencies"/>
  <testcase name="white" time="0.004" classname="com.project.MavenMarchSelenium9_30AMBatch.TestDependencies"/>
  <testcase name="blue" time="0.003" classname="com.project.MavenMarchSelenium9_30AMBatch.TestDependencies">
    <skipped/>
  </testcase> <!-- blue -->
  <testcase name="green" time="0.001" classname="com.project.MavenMarchSelenium9_30AMBatch.TestDependencies">
    <skipped/>
  </testcase> <!-- green -->
</testsuite> <!-- com.project.MavenMarchSelenium9_30AMBatch.TestDependencies -->
