<?xml version="1.0" encoding="UTF-8"?>
<!-- Generated by org.testng.reporters.JUnitReportReporter -->
<testsuite skipped="0" hostname="DESKTOP-27L8JE7" name="com.project.MavenMarchSelenium9_30AMBatch.NewTest" tests="1" failures="0" timestamp="10 Mar 2021 04:54:10 GMT" time="0.038" errors="0">
  <testcase name="f" time="0.038" classname="com.project.MavenMarchSelenium9_30AMBatch.NewTest"/>
</testsuite> <!-- com.project.MavenMarchSelenium9_30AMBatch.NewTest -->
