<?xml version="1.0" encoding="UTF-8"?>
<!-- Generated by org.testng.reporters.JUnitReportReporter -->
<testsuite skipped="1" hostname="DESKTOP-27L8JE7" name="com.project.MavenMarchSelenium9_30AMBatch.TNG_001" tests="3" failures="0" timestamp="11 Mar 2021 04:39:38 GMT" time="0.026" errors="0">
  <testcase name="f" time="0.019" classname="com.project.MavenMarchSelenium9_30AMBatch.TNG_001"/>
  <testcase name="a" time="0.007" classname="com.project.MavenMarchSelenium9_30AMBatch.TNG_001"/>
  <testcase name="z" classname="com.project.MavenMarchSelenium9_30AMBatch.TNG_001">
    <skipped/>
  </testcase> <!-- z -->
</testsuite> <!-- com.project.MavenMarchSelenium9_30AMBatch.TNG_001 -->
