<?xml version="1.0" encoding="UTF-8"?>
<!-- Generated by org.testng.reporters.JUnitReportReporter -->
<testsuite skipped="0" hostname="DESKTOP-27L8JE7" name="excelDataDrivern.NewTest" tests="2" failures="0" timestamp="02 Apr 2021 04:20:09 GMT" time="0.039" errors="0">
  <testcase name="f" time="0.036" classname="excelDataDrivern.NewTest"/>
  <testcase name="f" time="0.003" classname="excelDataDrivern.NewTest"/>
</testsuite> <!-- excelDataDrivern.NewTest -->
