<?xml version="1.0" encoding="UTF-8"?>
<!-- Generated by org.testng.reporters.JUnitReportReporter -->
<testsuite skipped="0" hostname="DESKTOP-27L8JE7" name="excelDataDrivern.DataManagementByHashTable" tests="2" failures="0" timestamp="02 Apr 2021 05:00:07 GMT" time="0.034" errors="0">
  <testcase name="f" time="0.029" classname="excelDataDrivern.DataManagementByHashTable"/>
  <testcase name="f" time="0.005" classname="excelDataDrivern.DataManagementByHashTable"/>
</testsuite> <!-- excelDataDrivern.DataManagementByHashTable -->
