<?xml version="1.0" encoding="UTF-8"?>
<!-- Generated by org.testng.reporters.JUnitReportReporter -->
<testsuite skipped="0" hostname="DESKTOP-27L8JE7" name="com.project.MavenMarchSelenium9_30AMBatch.CheckBox1" tests="1" failures="0" timestamp="13 Mar 2021 02:10:00 GMT" time="24.846" errors="0">
  <testcase name="checkboxTest" time="24.846" classname="com.project.MavenMarchSelenium9_30AMBatch.CheckBox1"/>
</testsuite> <!-- com.project.MavenMarchSelenium9_30AMBatch.CheckBox1 -->
