<?xml version="1.0" encoding="UTF-8"?>
<!-- Generated by org.testng.reporters.JUnitReportReporter -->
<testsuite skipped="0" hostname="DESKTOP-27L8JE7" name="suiteB.TestB2" tests="1" failures="0" timestamp="12 Mar 2021 04:46:16 GMT" time="3.012" errors="0">
  <testcase name="f" time="3.012" classname="suiteB.TestB2"/>
</testsuite> <!-- suiteB.TestB2 -->
