<?xml version="1.0" encoding="UTF-8"?>
<!-- Generated by org.testng.reporters.JUnitReportReporter -->
<testsuite skipped="0" hostname="DESKTOP-27L8JE7" name="com.project.MavenMarchSelenium9_30AMBatch.TNG_002" tests="1" failures="0" timestamp="13 Mar 2021 02:07:30 GMT" time="57.118" errors="0">
  <testcase name="amazon" time="57.118" classname="com.project.MavenMarchSelenium9_30AMBatch.TNG_002"/>
</testsuite> <!-- com.project.MavenMarchSelenium9_30AMBatch.TNG_002 -->
